Arguments: 
  C:\Program Files\nodejs\node.exe C:\Program Files (x86)\Yarn\bin\yarn.js add @faker-js/faker

PATH: 
  C:\Program Files (x86)\Common Files\Oracle\Java\javapath;C:\WINDOWS\system32;C:\WINDOWS;C:\WINDOWS\System32\Wbem;C:\WINDOWS\System32\WindowsPowerShell\v1.0\;C:\Gradle\gradle-7.4.2\bin;C:\Users\Aleksey\Documents\WindowsPowerShell\Scripts;C:\Users\Aleksey\AppData\Roaming\npm;C:\Users\Aleksey\AppData\Local\GitHubDesktop\bin;C:\Users\Aleksey\AppData\Local\Microsoft\WindowsApps;C:\Users\Aleksey\AppData\Local\Google\Cloud SDK\google-cloud-sdk\bin;C:\Users\Aleksey\.dotnet\tools;C:\Program Files\Java\jdk-11.0.15\bin;E:\SoftwareDevelopment\Android\ApkTool;E:\SoftwareDevelopment\Android\dex-tools-2.1;E:\SoftwareDevelopment\Android\dex-tools-2.1\bin;E:\Downloads;npm;npm.cmd;C:\Program Files\dotnet\;E:\Downloads\ffmpeg-2022-01-13-git-c936c319bd-essentials_build\bin;C:\Program Files\NVIDIA Corporation\NVIDIA NvDLISR;E:\SoftwareDevelopment\cmdtools;C:\Program Files\Microsoft\Web Platform Installer\;C:\php\;C:\Users\Aleksey\;C:\Program Files\Docker\Docker;C:\Program Files\Kubernetes\Minikube;C:\ProgramData\chocolatey\bin;C:\WINDOWS\system32\OpenSSH;C:\Users\Aleksey\AppData\Roaming\nvm;C:\Program Files\nodejs;C:\adb;C:\Program Files\WireGuard\;C:\Program Files (x86)\Yarn\bin\;C:\Program Files\OpenJDK\openjdk-11.0.15_10\bin;C:\Users\Aleksey\AppData\Local\Android\Sdk\platform-tools;C:\Program Files (x86)\Common Files\Acronis\SnapAPI\;C:\WINDOWS\system32;C:\WINDOWS;C:\WINDOWS\System32\Wbem;C:\WINDOWS\System32\WindowsPowerShell\v1.0\;C:\WINDOWS\System32\OpenSSH\;C:\Program Files\PuTTY\;C:\Program Files\Git\cmd;C:\Program Files\Process Lasso\;C:\Program Files\Docker\Docker\resources\bin;C:\Program Files\PowerShell\7\;C:\Users\Aleksey\.windows-build-tools\python27\;C:\Users\Aleksey\AppData\Local\Temp\yarn--1657408467953-0.04979196832589161;C:\Users\Aleksey\AppData\Local\Yarn\Data\global\node_modules\windows-build-tools\node_modules\.bin;C:\Users\Aleksey\AppData\Local\Yarn\Data\link\node_modules\.bin;C:\Program Files\libexec\lib\node_modules\npm\bin\node-gyp-bin;C:\Program Files\lib\node_modules\npm\bin\node-gyp-bin;C:\Program Files\nodejs\node_modules\npm\bin\node-gyp-bin;C:\Users\Aleksey\AppData\Local\Programs\Python\Python310\Scripts\;C:\Users\Aleksey\AppData\Local\Programs\Python\Python310\;C:\Program Files\J

Yarn version: 
  1.22.19

Node version: 
  16.19.0

Platform: 
  win32 x64

Trace: 
  Error: ENOENT: no such file or directory, copyfile 'C:\Users\Aleksey\AppData\Local\Yarn\Cache\v6\npm-yallist-4.0.0-9bb92790d9c0effec63be73519e11a35019a3a72-integrity\node_modules\yallist\iterator.js' -> 'C:\Users\Aleksey\WebstormProjects\untitled4\my-app-ts\node_modules\@typescript-eslint\eslint-plugin\node_modules\yallist\iterator.js'

npm manifest: 
  {
    "name": "listbox-example",
    "version": "0.13.1",
    "scripts": {
      "dev": "vite",
      "build": "vite build",
      "serve": "vite preview"
    },
    "devDependencies": {
      "@babel/core": "^7.20.12",
      "autoprefixer": "^10.4.13",
      "babel-preset-solid": "^1.6.10",
      "eslint": "^8.33.0",
      "eslint-config-lxsmnsyc": "^0.4.8",
      "postcss": "^8.4.21",
      "typescript": "^4.9.5",
      "vite": "^4.1.1",
      "vite-plugin-solid": "^2.5.0",
      "@popperjs/core": "^2.10.2"
    },
    "dependencies": {
      "bootstrap": "^5.2.3",
      "solid-headless": "0.13.1",
      "solid-js": "^1.6.10",
      "tailwindcss": "^3.2.6"
    },
    "private": true,
    "publishConfig": {
      "access": "restricted"
    }
  }

yarn manifest: 
  No manifest

Lockfile: 
  No lockfile
